0 info it worked if it ends with ok
1 verbose cli [
1 verbose cli   'C:\\Program Files\\nodejs\\node.exe',
1 verbose cli   'C:\\Program Files\\nodejs\\node_modules\\npm\\bin\\npm-cli.js',
1 verbose cli   'install',
1 verbose cli   '--save',
1 verbose cli   'react-redux',
1 verbose cli   '@reduxjs/toolkitt'
1 verbose cli ]
2 info using npm@6.14.13
3 info using node@v14.17.3
4 verbose npm-session 54ed6a476ad2a7df
5 silly install loadCurrentTree
6 silly install readLocalPackageData
7 http fetch GET 200 https://registry.npmjs.org/react-redux 2249ms
8 http fetch GET 200 https://registry.npmjs.org/react-redux/-/react-redux-8.1.1.tgz 289ms
9 silly pacote tag manifest for react-redux@latest fetched in 2574ms
10 http fetch GET 404 https://registry.npmjs.org/@reduxjs%2Ftoolkitt 2729ms
11 http fetch GET 404 https://registry.npmjs.org/@reduxjs%2Ftoolkitt 1448ms
12 silly fetchPackageMetaData error for @reduxjs/toolkitt@latest 404 Not Found - GET https://registry.npmjs.org/@reduxjs%2Ftoolkitt - Not found
13 timing stage:rollbackFailedOptional Completed in 1ms
14 timing stage:runTopLevelLifecycles Completed in 7009ms
15 verbose stack Error: 404 Not Found - GET https://registry.npmjs.org/@reduxjs%2Ftoolkitt - Not found
15 verbose stack     at C:\Program Files\nodejs\node_modules\npm\node_modules\npm-registry-fetch\check-response.js:117:15
15 verbose stack     at processTicksAndRejections (internal/process/task_queues.js:95:5)
16 verbose statusCode 404
17 verbose pkgid @reduxjs/toolkitt@latest
18 verbose cwd C:\Users\Manur\Desktop\demo_website\redux-demo-website
19 verbose Windows_NT 10.0.22621
20 verbose argv "C:\\Program Files\\nodejs\\node.exe" "C:\\Program Files\\nodejs\\node_modules\\npm\\bin\\npm-cli.js" "install" "--save" "react-redux" "@reduxjs/toolkitt"
21 verbose node v14.17.3
22 verbose npm  v6.14.13
23 error code E404
24 error 404 Not Found - GET https://registry.npmjs.org/@reduxjs%2Ftoolkitt - Not found
25 error 404
26 error 404 '@reduxjs/toolkitt@latest' is not in the npm registry.
27 error 404 You should bug the author to publish it (or use the name yourself!)
28 error 404 Note that you can also install from a
29 error 404 tarball, folder, http url, or git url.
30 verbose exit [ 1, true ]
