0 info it worked if it ends with ok
1 verbose cli [
1 verbose cli   'C:\\Program Files\\nodejs\\node.exe',
1 verbose cli   'C:\\Program Files\\nodejs\\node_modules\\npm\\bin\\npm-cli.js',
1 verbose cli   'i',
1 verbose cli   'react-router-dom4'
1 verbose cli ]
2 info using npm@6.14.13
3 info using node@v14.17.3
4 verbose npm-session 2e3213bb01084af8
5 silly install loadCurrentTree
6 silly install readLocalPackageData
7 http fetch GET 404 https://registry.npmjs.org/react-router-dom4 1587ms
8 http fetch GET 404 https://registry.npmjs.org/react-router-dom4 1234ms
9 silly fetchPackageMetaData error for react-router-dom4@latest 404 Not Found - GET https://registry.npmjs.org/react-router-dom4 - Not found
10 timing stage:rollbackFailedOptional Completed in 1ms
11 timing stage:runTopLevelLifecycles Completed in 6507ms
12 verbose stack Error: 404 Not Found - GET https://registry.npmjs.org/react-router-dom4 - Not found
12 verbose stack     at C:\Program Files\nodejs\node_modules\npm\node_modules\npm-registry-fetch\check-response.js:117:15
12 verbose stack     at processTicksAndRejections (internal/process/task_queues.js:95:5)
13 verbose statusCode 404
14 verbose pkgid react-router-dom4@latest
15 verbose cwd C:\Users\Manur\Desktop\demo_website\demo-website
16 verbose Windows_NT 10.0.22621
17 verbose argv "C:\\Program Files\\nodejs\\node.exe" "C:\\Program Files\\nodejs\\node_modules\\npm\\bin\\npm-cli.js" "i" "react-router-dom4"
18 verbose node v14.17.3
19 verbose npm  v6.14.13
20 error code E404
21 error 404 Not Found - GET https://registry.npmjs.org/react-router-dom4 - Not found
22 error 404
23 error 404 'react-router-dom4@latest' is not in the npm registry.
24 error 404 You should bug the author to publish it (or use the name yourself!)
25 error 404 Note that you can also install from a
26 error 404 tarball, folder, http url, or git url.
27 verbose exit [ 1, true ]
